<?xml version="1.0" encoding="UTF-8"?>
<!-- Generated by org.testng.reporters.JUnitReportReporter -->
<testsuite hostname="vishal" failures="0" tests="1" name="script.UserLogin" time="25.354" errors="0" timestamp="2023-03-31T11:03:56 IST" skipped="0">
  <testcase classname="script.UserLogin" name="runLogin" time="25.354"/>
  <system-out>
    <![CDATA[Title: YogaaclasswithOmnify]]>
  </system-out>
</testsuite> <!-- script.UserLogin -->
