<?xml version="1.0" encoding="UTF-8"?>
<!-- Generated by org.testng.reporters.JUnitReportReporter -->
<testsuite hostname="vishal" failures="0" tests="1" name="script.UserLoginpage" time="38.068" errors="0" timestamp="2023-03-31T11:17:59 IST" skipped="0">
  <testcase classname="script.UserLoginpage" name="runLogin" time="38.068"/>
  <system-out>
    <![CDATA[Title: YogaaclasswithOmnify
Pass]]>
  </system-out>
</testsuite> <!-- script.UserLoginpage -->
